<?xml version="1.0" encoding="UTF-8"?>
<!-- Generated by org.testng.reporters.JUnitXMLReporter -->
<testsuite hostname="Glenns-HP" ignored="0" name="ChromeTest" tests="3" failures="1" timestamp="06 Feb 2019 10:56:03 GMT" time="39.614" errors="0">
  <testcase name="navigateToLandingPage" time="0.043" classname="com.build.qa.shareyourcamp.selenium.tests.ShareYourCampTest">
    <failure type="java.lang.NoClassDefFoundError" message="freemarker/template/TemplateModelException">
      <![CDATA[java.lang.NoClassDefFoundError: freemarker/template/TemplateModelException
at com.build.qa.shareyourcamp.selenium.tests.ShareYourCampTest.navigateToLandingPage(ShareYourCampTest.java:48)
Caused by: java.lang.ClassNotFoundException: freemarker.template.TemplateModelException
at java.net.URLClassLoader.findClass(URLClassLoader.java:382)
at java.lang.ClassLoader.loadClass(ClassLoader.java:424)
at sun.misc.Launcher$AppClassLoader.loadClass(Launcher.java:349)
at java.lang.ClassLoader.loadClass(ClassLoader.java:357)
... 26 more
... Removed 25 stack frames]]>
    </failure>
  </testcase> <!-- navigateToLandingPage -->
  <testcase name="verifyDropDown" time="11.623" classname="com.build.qa.shareyourcamp.selenium.tests.ShareYourCampTest"/>
  <testcase name="verifyTitle" time="12.76" classname="com.build.qa.shareyourcamp.selenium.tests.ShareYourCampTest"/>
</testsuite> <!-- ChromeTest -->
