<html>
<head>
<title>TestNG:  HTMLUNITTest</title>
<link href="../testng.css" rel="stylesheet" type="text/css" />
<link href="../my-testng.css" rel="stylesheet" type="text/css" />

<style type="text/css">
.log { display: none;} 
.stack-trace { display: none;} 
</style>
<script type="text/javascript">
<!--
function flip(e) {
  current = e.style.display;
  if (current == 'block') {
    e.style.display = 'none';
    return 0;
  }
  else {
    e.style.display = 'block';
    return 1;
  }
}

function toggleBox(szDivId, elem, msg1, msg2)
{
  var res = -1;  if (document.getElementById) {
    res = flip(document.getElementById(szDivId));
  }
  else if (document.all) {
    // this is the way old msie versions work
    res = flip(document.all[szDivId]);
  }
  if(elem) {
    if(res == 0) elem.innerHTML = msg1; else elem.innerHTML = msg2;
  }

}

function toggleAllBoxes() {
  if (document.getElementsByTagName) {
    d = document.getElementsByTagName('div');
    for (i = 0; i < d.length; i++) {
      if (d[i].className == 'log') {
        flip(d[i]);
      }
    }
  }
}

// -->
</script>

</head>
<body>
<h2 align='center'>HTMLUNITTest</h2><table border='1' align="center">
<tr>
<td>Tests passed/Failed/Skipped:</td><td>0/3/0</td>
</tr><tr>
<td>Started on:</td><td>Thu Jul 26 02:05:56 CDT 2018</td>
</tr>
<tr><td>Total time:</td><td>5 seconds (5333 ms)</td>
</tr><tr>
<td>Included groups:</td><td></td>
</tr><tr>
<td>Excluded groups:</td><td></td>
</tr>
</table><p/>
<small><i>(Hover the method name to see the test class name)</i></small><p/>
<table width='100%' border='1' class='invocation-failed'>
<tr><td colspan='4' align='center'><b>FAILED TESTS</b></td></tr>
<tr><td><b>Test method</b></td>
<td width="30%"><b>Exception</b></td>
<td width="10%"><b>Time (seconds)</b></td>
<td><b>Instance</b></td>
</tr>
<tr>
<td title='com.build.qa.shareyourcamp.selenium.tests.ShareYourCampTest.navigateToLandingPage()'><b>navigateToLandingPage</b><br>Test class: com.build.qa.shareyourcamp.selenium.tests.ShareYourCampTest</td>
<td><div><pre>org.openqa.selenium.WebDriverException: java.lang.IllegalArgumentException: Cannot locate declared field class org.apache.http.impl.client.HttpClientBuilder.dnsResolver
Build info: version: &apos;3.4.0&apos;, revision: &apos;unknown&apos;, time: &apos;unknown&apos;
System info: host: &apos;GLENNS-HP&apos;, ip: &apos;192.168.56.1&apos;, os.name: &apos;Windows 7&apos;, os.arch: &apos;x86&apos;, os.version: &apos;6.1&apos;, java.version: &apos;1.8.0_144&apos;
Driver info: driver.version: HtmlUnitDriver
	at org.openqa.selenium.htmlunit.HtmlUnitDriver.get(HtmlUnitDriver.java:688)
	at org.openqa.selenium.htmlunit.HtmlUnitDriver.lambda$8(HtmlUnitDriver.java:657)
	at org.openqa.selenium.htmlunit.HtmlUnitDriver.lambda$0(HtmlUnitDriver.java:414)
	at java.lang.Thread.run(Thread.java:748)
Caused by: java.lang.IllegalArgumentException: Cannot locate declared field class org.apache.http.impl.client.HttpClientBuilder.dnsResolver
	at org.apache.commons.lang3.Validate.isTrue(Validate.java:155)
	at com.gargoylesoftware.htmlunit.HttpWebConnection.getField(HttpWebConnection.java:1092)
	at com.gargoylesoftware.htmlunit.HttpWebConnection.createConnectionManager(HttpWebConnection.java:1015)
	at com.gargoylesoftware.htmlunit.HttpWebConnection.getResponse(HttpWebConnection.java:176)
	at com.gargoylesoftware.htmlunit.WebClient.loadWebResponseFromWebConnection(WebClient.java:1372)
	at com.gargoylesoftware.htmlunit.WebClient.loadWebResponse(WebClient.java:1291)
	at com.gargoylesoftware.htmlunit.WebClient.getPage(WebClient.java:390)
	at com.gargoylesoftware.htmlunit.WebClient.getPage(WebClient.java:311)
	at org.openqa.selenium.htmlunit.HtmlUnitDriver.get(HtmlUnitDriver.java:670)
	... 3 more
... Removed 1 stack frames</pre></div><a href='#' onClick='toggleBox("stack-trace10552905", this, "Click to show all stack frames", "Click to hide stack frames")'>Click to show all stack frames</a>
<div class='stack-trace' id='stack-trace10552905'><pre>org.openqa.selenium.WebDriverException: java.lang.IllegalArgumentException: Cannot locate declared field class org.apache.http.impl.client.HttpClientBuilder.dnsResolver
Build info: version: &apos;3.4.0&apos;, revision: &apos;unknown&apos;, time: &apos;unknown&apos;
System info: host: &apos;GLENNS-HP&apos;, ip: &apos;192.168.56.1&apos;, os.name: &apos;Windows 7&apos;, os.arch: &apos;x86&apos;, os.version: &apos;6.1&apos;, java.version: &apos;1.8.0_144&apos;
Driver info: driver.version: HtmlUnitDriver
	at org.openqa.selenium.htmlunit.HtmlUnitDriver.get(HtmlUnitDriver.java:688)
	at org.openqa.selenium.htmlunit.HtmlUnitDriver.lambda$8(HtmlUnitDriver.java:657)
	at org.openqa.selenium.htmlunit.HtmlUnitDriver.lambda$0(HtmlUnitDriver.java:414)
	at java.lang.Thread.run(Thread.java:748)
Caused by: java.lang.IllegalArgumentException: Cannot locate declared field class org.apache.http.impl.client.HttpClientBuilder.dnsResolver
	at org.apache.commons.lang3.Validate.isTrue(Validate.java:155)
	at org.apache.commons.lang3.reflect.FieldUtils.readDeclaredField(FieldUtils.java:471)
	at com.gargoylesoftware.htmlunit.HttpWebConnection.getField(HttpWebConnection.java:1092)
	at com.gargoylesoftware.htmlunit.HttpWebConnection.createConnectionManager(HttpWebConnection.java:1015)
	at com.gargoylesoftware.htmlunit.HttpWebConnection.getResponse(HttpWebConnection.java:176)
	at com.gargoylesoftware.htmlunit.WebClient.loadWebResponseFromWebConnection(WebClient.java:1372)
	at com.gargoylesoftware.htmlunit.WebClient.loadWebResponse(WebClient.java:1291)
	at com.gargoylesoftware.htmlunit.WebClient.getPage(WebClient.java:390)
	at com.gargoylesoftware.htmlunit.WebClient.getPage(WebClient.java:311)
	at org.openqa.selenium.htmlunit.HtmlUnitDriver.get(HtmlUnitDriver.java:670)
	... 3 more
</pre></div></td>
<td>0</td>
<td>com.build.qa.shareyourcamp.selenium.tests.ShareYourCampTest@1416310</td></tr>
<tr>
<td title='com.build.qa.shareyourcamp.selenium.tests.ShareYourCampTest.verifyDropDown()'><b>verifyDropDown</b><br>Test class: com.build.qa.shareyourcamp.selenium.tests.ShareYourCampTest</td>
<td><div><pre>org.openqa.selenium.WebDriverException: java.lang.IllegalArgumentException: Cannot locate declared field class org.apache.http.impl.client.HttpClientBuilder.dnsResolver
Build info: version: &apos;3.4.0&apos;, revision: &apos;unknown&apos;, time: &apos;unknown&apos;
System info: host: &apos;GLENNS-HP&apos;, ip: &apos;192.168.56.1&apos;, os.name: &apos;Windows 7&apos;, os.arch: &apos;x86&apos;, os.version: &apos;6.1&apos;, java.version: &apos;1.8.0_144&apos;
Driver info: driver.version: HtmlUnitDriver
	at org.openqa.selenium.htmlunit.HtmlUnitDriver.get(HtmlUnitDriver.java:688)
	at org.openqa.selenium.htmlunit.HtmlUnitDriver.lambda$8(HtmlUnitDriver.java:657)
	at org.openqa.selenium.htmlunit.HtmlUnitDriver.lambda$0(HtmlUnitDriver.java:414)
	at java.lang.Thread.run(Thread.java:748)
Caused by: java.lang.IllegalArgumentException: Cannot locate declared field class org.apache.http.impl.client.HttpClientBuilder.dnsResolver
	at org.apache.commons.lang3.Validate.isTrue(Validate.java:155)
	at com.gargoylesoftware.htmlunit.HttpWebConnection.getField(HttpWebConnection.java:1092)
	at com.gargoylesoftware.htmlunit.HttpWebConnection.createConnectionManager(HttpWebConnection.java:1015)
	at com.gargoylesoftware.htmlunit.HttpWebConnection.getResponse(HttpWebConnection.java:176)
	at com.gargoylesoftware.htmlunit.WebClient.loadWebResponseFromWebConnection(WebClient.java:1372)
	at com.gargoylesoftware.htmlunit.WebClient.loadWebResponse(WebClient.java:1291)
	at com.gargoylesoftware.htmlunit.WebClient.getPage(WebClient.java:390)
	at com.gargoylesoftware.htmlunit.WebClient.getPage(WebClient.java:311)
	at org.openqa.selenium.htmlunit.HtmlUnitDriver.get(HtmlUnitDriver.java:670)
	... 3 more
... Removed 1 stack frames</pre></div><a href='#' onClick='toggleBox("stack-trace14308007", this, "Click to show all stack frames", "Click to hide stack frames")'>Click to show all stack frames</a>
<div class='stack-trace' id='stack-trace14308007'><pre>org.openqa.selenium.WebDriverException: java.lang.IllegalArgumentException: Cannot locate declared field class org.apache.http.impl.client.HttpClientBuilder.dnsResolver
Build info: version: &apos;3.4.0&apos;, revision: &apos;unknown&apos;, time: &apos;unknown&apos;
System info: host: &apos;GLENNS-HP&apos;, ip: &apos;192.168.56.1&apos;, os.name: &apos;Windows 7&apos;, os.arch: &apos;x86&apos;, os.version: &apos;6.1&apos;, java.version: &apos;1.8.0_144&apos;
Driver info: driver.version: HtmlUnitDriver
	at org.openqa.selenium.htmlunit.HtmlUnitDriver.get(HtmlUnitDriver.java:688)
	at org.openqa.selenium.htmlunit.HtmlUnitDriver.lambda$8(HtmlUnitDriver.java:657)
	at org.openqa.selenium.htmlunit.HtmlUnitDriver.lambda$0(HtmlUnitDriver.java:414)
	at java.lang.Thread.run(Thread.java:748)
Caused by: java.lang.IllegalArgumentException: Cannot locate declared field class org.apache.http.impl.client.HttpClientBuilder.dnsResolver
	at org.apache.commons.lang3.Validate.isTrue(Validate.java:155)
	at org.apache.commons.lang3.reflect.FieldUtils.readDeclaredField(FieldUtils.java:471)
	at com.gargoylesoftware.htmlunit.HttpWebConnection.getField(HttpWebConnection.java:1092)
	at com.gargoylesoftware.htmlunit.HttpWebConnection.createConnectionManager(HttpWebConnection.java:1015)
	at com.gargoylesoftware.htmlunit.HttpWebConnection.getResponse(HttpWebConnection.java:176)
	at com.gargoylesoftware.htmlunit.WebClient.loadWebResponseFromWebConnection(WebClient.java:1372)
	at com.gargoylesoftware.htmlunit.WebClient.loadWebResponse(WebClient.java:1291)
	at com.gargoylesoftware.htmlunit.WebClient.getPage(WebClient.java:390)
	at com.gargoylesoftware.htmlunit.WebClient.getPage(WebClient.java:311)
	at org.openqa.selenium.htmlunit.HtmlUnitDriver.get(HtmlUnitDriver.java:670)
	... 3 more
</pre></div></td>
<td>0</td>
<td>com.build.qa.shareyourcamp.selenium.tests.ShareYourCampTest@1416310</td></tr>
<tr>
<td title='com.build.qa.shareyourcamp.selenium.tests.ShareYourCampTest.verifyTitle()'><b>verifyTitle</b><br>Test class: com.build.qa.shareyourcamp.selenium.tests.ShareYourCampTest</td>
<td><div><pre>org.openqa.selenium.WebDriverException: java.lang.IllegalArgumentException: Cannot locate declared field class org.apache.http.impl.client.HttpClientBuilder.dnsResolver
Build info: version: &apos;3.4.0&apos;, revision: &apos;unknown&apos;, time: &apos;unknown&apos;
System info: host: &apos;GLENNS-HP&apos;, ip: &apos;192.168.56.1&apos;, os.name: &apos;Windows 7&apos;, os.arch: &apos;x86&apos;, os.version: &apos;6.1&apos;, java.version: &apos;1.8.0_144&apos;
Driver info: driver.version: HtmlUnitDriver
	at org.openqa.selenium.htmlunit.HtmlUnitDriver.get(HtmlUnitDriver.java:688)
	at org.openqa.selenium.htmlunit.HtmlUnitDriver.lambda$8(HtmlUnitDriver.java:657)
	at org.openqa.selenium.htmlunit.HtmlUnitDriver.lambda$0(HtmlUnitDriver.java:414)
	at java.lang.Thread.run(Thread.java:748)
Caused by: java.lang.IllegalArgumentException: Cannot locate declared field class org.apache.http.impl.client.HttpClientBuilder.dnsResolver
	at org.apache.commons.lang3.Validate.isTrue(Validate.java:155)
	at com.gargoylesoftware.htmlunit.HttpWebConnection.getField(HttpWebConnection.java:1092)
	at com.gargoylesoftware.htmlunit.HttpWebConnection.createConnectionManager(HttpWebConnection.java:1015)
	at com.gargoylesoftware.htmlunit.HttpWebConnection.getResponse(HttpWebConnection.java:176)
	at com.gargoylesoftware.htmlunit.WebClient.loadWebResponseFromWebConnection(WebClient.java:1372)
	at com.gargoylesoftware.htmlunit.WebClient.loadWebResponse(WebClient.java:1291)
	at com.gargoylesoftware.htmlunit.WebClient.getPage(WebClient.java:390)
	at com.gargoylesoftware.htmlunit.WebClient.getPage(WebClient.java:311)
	at org.openqa.selenium.htmlunit.HtmlUnitDriver.get(HtmlUnitDriver.java:670)
	... 3 more
... Removed 1 stack frames</pre></div><a href='#' onClick='toggleBox("stack-trace18910021", this, "Click to show all stack frames", "Click to hide stack frames")'>Click to show all stack frames</a>
<div class='stack-trace' id='stack-trace18910021'><pre>org.openqa.selenium.WebDriverException: java.lang.IllegalArgumentException: Cannot locate declared field class org.apache.http.impl.client.HttpClientBuilder.dnsResolver
Build info: version: &apos;3.4.0&apos;, revision: &apos;unknown&apos;, time: &apos;unknown&apos;
System info: host: &apos;GLENNS-HP&apos;, ip: &apos;192.168.56.1&apos;, os.name: &apos;Windows 7&apos;, os.arch: &apos;x86&apos;, os.version: &apos;6.1&apos;, java.version: &apos;1.8.0_144&apos;
Driver info: driver.version: HtmlUnitDriver
	at org.openqa.selenium.htmlunit.HtmlUnitDriver.get(HtmlUnitDriver.java:688)
	at org.openqa.selenium.htmlunit.HtmlUnitDriver.lambda$8(HtmlUnitDriver.java:657)
	at org.openqa.selenium.htmlunit.HtmlUnitDriver.lambda$0(HtmlUnitDriver.java:414)
	at java.lang.Thread.run(Thread.java:748)
Caused by: java.lang.IllegalArgumentException: Cannot locate declared field class org.apache.http.impl.client.HttpClientBuilder.dnsResolver
	at org.apache.commons.lang3.Validate.isTrue(Validate.java:155)
	at org.apache.commons.lang3.reflect.FieldUtils.readDeclaredField(FieldUtils.java:471)
	at com.gargoylesoftware.htmlunit.HttpWebConnection.getField(HttpWebConnection.java:1092)
	at com.gargoylesoftware.htmlunit.HttpWebConnection.createConnectionManager(HttpWebConnection.java:1015)
	at com.gargoylesoftware.htmlunit.HttpWebConnection.getResponse(HttpWebConnection.java:176)
	at com.gargoylesoftware.htmlunit.WebClient.loadWebResponseFromWebConnection(WebClient.java:1372)
	at com.gargoylesoftware.htmlunit.WebClient.loadWebResponse(WebClient.java:1291)
	at com.gargoylesoftware.htmlunit.WebClient.getPage(WebClient.java:390)
	at com.gargoylesoftware.htmlunit.WebClient.getPage(WebClient.java:311)
	at org.openqa.selenium.htmlunit.HtmlUnitDriver.get(HtmlUnitDriver.java:670)
	... 3 more
</pre></div></td>
<td>0</td>
<td>com.build.qa.shareyourcamp.selenium.tests.ShareYourCampTest@1416310</td></tr>
</table><p>
</body>
</html>