<?xml version="1.0" encoding="UTF-8"?>
<!-- Generated by org.testng.reporters.JUnitXMLReporter -->
<testsuite hostname="Glenns-HP" ignored="0" name="HTMLUNITTest" tests="3" failures="3" timestamp="26 Jul 2018 07:06:01 GMT" time="5.333" errors="0">
  <testcase name="navigateToLandingPage" time="0.19" classname="com.build.qa.shareyourcamp.selenium.tests.ShareYourCampTest">
    <failure type="org.openqa.selenium.WebDriverException" message="java.lang.IllegalArgumentException: Cannot locate declared field class org.apache.http.impl.client.HttpClientBuilder.dnsResolver
Build info: version: &amp;apos;3.4.0&amp;apos;, revision: &amp;apos;unknown&amp;apos;, time: &amp;apos;unknown&amp;apos;
System info: host: &amp;apos;GLENNS-HP&amp;apos;, ip: &amp;apos;192.168.56.1&amp;apos;, os.name: &amp;apos;Windows 7&amp;apos;, os.arch: &amp;apos;x86&amp;apos;, os.version: &amp;apos;6.1&amp;apos;, java.version: &amp;apos;1.8.0_144&amp;apos;
Driver info: driver.version: HtmlUnitDriver">
      <![CDATA[org.openqa.selenium.WebDriverException: java.lang.IllegalArgumentException: Cannot locate declared field class org.apache.http.impl.client.HttpClientBuilder.dnsResolver
Build info: version: '3.4.0', revision: 'unknown', time: 'unknown'
System info: host: 'GLENNS-HP', ip: '192.168.56.1', os.name: 'Windows 7', os.arch: 'x86', os.version: '6.1', java.version: '1.8.0_144'
Driver info: driver.version: HtmlUnitDriver
at org.openqa.selenium.htmlunit.HtmlUnitDriver.get(HtmlUnitDriver.java:688)
at org.openqa.selenium.htmlunit.HtmlUnitDriver.lambda$8(HtmlUnitDriver.java:657)
at org.openqa.selenium.htmlunit.HtmlUnitDriver.lambda$0(HtmlUnitDriver.java:414)
at java.lang.Thread.run(Thread.java:748)
Caused by: java.lang.IllegalArgumentException: Cannot locate declared field class org.apache.http.impl.client.HttpClientBuilder.dnsResolver
at org.apache.commons.lang3.Validate.isTrue(Validate.java:155)
at com.gargoylesoftware.htmlunit.HttpWebConnection.getField(HttpWebConnection.java:1092)
at com.gargoylesoftware.htmlunit.HttpWebConnection.createConnectionManager(HttpWebConnection.java:1015)
at com.gargoylesoftware.htmlunit.HttpWebConnection.getResponse(HttpWebConnection.java:176)
at com.gargoylesoftware.htmlunit.WebClient.loadWebResponseFromWebConnection(WebClient.java:1372)
at com.gargoylesoftware.htmlunit.WebClient.loadWebResponse(WebClient.java:1291)
at com.gargoylesoftware.htmlunit.WebClient.getPage(WebClient.java:390)
at com.gargoylesoftware.htmlunit.WebClient.getPage(WebClient.java:311)
at org.openqa.selenium.htmlunit.HtmlUnitDriver.get(HtmlUnitDriver.java:670)
... 3 more
... Removed 1 stack frames]]>
    </failure>
  </testcase> <!-- navigateToLandingPage -->
  <testcase name="verifyDropDown" time="0.073" classname="com.build.qa.shareyourcamp.selenium.tests.ShareYourCampTest">
    <failure type="org.openqa.selenium.WebDriverException" message="java.lang.IllegalArgumentException: Cannot locate declared field class org.apache.http.impl.client.HttpClientBuilder.dnsResolver
Build info: version: &amp;apos;3.4.0&amp;apos;, revision: &amp;apos;unknown&amp;apos;, time: &amp;apos;unknown&amp;apos;
System info: host: &amp;apos;GLENNS-HP&amp;apos;, ip: &amp;apos;192.168.56.1&amp;apos;, os.name: &amp;apos;Windows 7&amp;apos;, os.arch: &amp;apos;x86&amp;apos;, os.version: &amp;apos;6.1&amp;apos;, java.version: &amp;apos;1.8.0_144&amp;apos;
Driver info: driver.version: HtmlUnitDriver">
      <![CDATA[org.openqa.selenium.WebDriverException: java.lang.IllegalArgumentException: Cannot locate declared field class org.apache.http.impl.client.HttpClientBuilder.dnsResolver
Build info: version: '3.4.0', revision: 'unknown', time: 'unknown'
System info: host: 'GLENNS-HP', ip: '192.168.56.1', os.name: 'Windows 7', os.arch: 'x86', os.version: '6.1', java.version: '1.8.0_144'
Driver info: driver.version: HtmlUnitDriver
at org.openqa.selenium.htmlunit.HtmlUnitDriver.get(HtmlUnitDriver.java:688)
at org.openqa.selenium.htmlunit.HtmlUnitDriver.lambda$8(HtmlUnitDriver.java:657)
at org.openqa.selenium.htmlunit.HtmlUnitDriver.lambda$0(HtmlUnitDriver.java:414)
at java.lang.Thread.run(Thread.java:748)
Caused by: java.lang.IllegalArgumentException: Cannot locate declared field class org.apache.http.impl.client.HttpClientBuilder.dnsResolver
at org.apache.commons.lang3.Validate.isTrue(Validate.java:155)
at com.gargoylesoftware.htmlunit.HttpWebConnection.getField(HttpWebConnection.java:1092)
at com.gargoylesoftware.htmlunit.HttpWebConnection.createConnectionManager(HttpWebConnection.java:1015)
at com.gargoylesoftware.htmlunit.HttpWebConnection.getResponse(HttpWebConnection.java:176)
at com.gargoylesoftware.htmlunit.WebClient.loadWebResponseFromWebConnection(WebClient.java:1372)
at com.gargoylesoftware.htmlunit.WebClient.loadWebResponse(WebClient.java:1291)
at com.gargoylesoftware.htmlunit.WebClient.getPage(WebClient.java:390)
at com.gargoylesoftware.htmlunit.WebClient.getPage(WebClient.java:311)
at org.openqa.selenium.htmlunit.HtmlUnitDriver.get(HtmlUnitDriver.java:670)
... 3 more
... Removed 1 stack frames]]>
    </failure>
  </testcase> <!-- verifyDropDown -->
  <testcase name="verifyTitle" time="0.025" classname="com.build.qa.shareyourcamp.selenium.tests.ShareYourCampTest">
    <failure type="org.openqa.selenium.WebDriverException" message="java.lang.IllegalArgumentException: Cannot locate declared field class org.apache.http.impl.client.HttpClientBuilder.dnsResolver
Build info: version: &amp;apos;3.4.0&amp;apos;, revision: &amp;apos;unknown&amp;apos;, time: &amp;apos;unknown&amp;apos;
System info: host: &amp;apos;GLENNS-HP&amp;apos;, ip: &amp;apos;192.168.56.1&amp;apos;, os.name: &amp;apos;Windows 7&amp;apos;, os.arch: &amp;apos;x86&amp;apos;, os.version: &amp;apos;6.1&amp;apos;, java.version: &amp;apos;1.8.0_144&amp;apos;
Driver info: driver.version: HtmlUnitDriver">
      <![CDATA[org.openqa.selenium.WebDriverException: java.lang.IllegalArgumentException: Cannot locate declared field class org.apache.http.impl.client.HttpClientBuilder.dnsResolver
Build info: version: '3.4.0', revision: 'unknown', time: 'unknown'
System info: host: 'GLENNS-HP', ip: '192.168.56.1', os.name: 'Windows 7', os.arch: 'x86', os.version: '6.1', java.version: '1.8.0_144'
Driver info: driver.version: HtmlUnitDriver
at org.openqa.selenium.htmlunit.HtmlUnitDriver.get(HtmlUnitDriver.java:688)
at org.openqa.selenium.htmlunit.HtmlUnitDriver.lambda$8(HtmlUnitDriver.java:657)
at org.openqa.selenium.htmlunit.HtmlUnitDriver.lambda$0(HtmlUnitDriver.java:414)
at java.lang.Thread.run(Thread.java:748)
Caused by: java.lang.IllegalArgumentException: Cannot locate declared field class org.apache.http.impl.client.HttpClientBuilder.dnsResolver
at org.apache.commons.lang3.Validate.isTrue(Validate.java:155)
at com.gargoylesoftware.htmlunit.HttpWebConnection.getField(HttpWebConnection.java:1092)
at com.gargoylesoftware.htmlunit.HttpWebConnection.createConnectionManager(HttpWebConnection.java:1015)
at com.gargoylesoftware.htmlunit.HttpWebConnection.getResponse(HttpWebConnection.java:176)
at com.gargoylesoftware.htmlunit.WebClient.loadWebResponseFromWebConnection(WebClient.java:1372)
at com.gargoylesoftware.htmlunit.WebClient.loadWebResponse(WebClient.java:1291)
at com.gargoylesoftware.htmlunit.WebClient.getPage(WebClient.java:390)
at com.gargoylesoftware.htmlunit.WebClient.getPage(WebClient.java:311)
at org.openqa.selenium.htmlunit.HtmlUnitDriver.get(HtmlUnitDriver.java:670)
... 3 more
... Removed 1 stack frames]]>
    </failure>
  </testcase> <!-- verifyTitle -->
</testsuite> <!-- HTMLUNITTest -->
