<?xml version="1.0" encoding="UTF-8"?>
<!-- Generated by org.testng.reporters.JUnitXMLReporter -->
<testsuite hostname="Glenns-HP" ignored="0" name="Test" tests="7" failures="3" timestamp="23 May 2018 09:12:57 GMT" time="132.418" errors="0">
  <testcase name="DatabaseTest" time="0.073" classname="com.build.qa.shareyourcamp.selenium.tests.ShareYourCampTest"/>
  <testcase name="navigateToLandingPage" time="19.709" classname="com.build.qa.shareyourcamp.selenium.tests.ShareYourCampTest"/>
  <testcase name="setData" time="18.744" classname="com.build.qa.shareyourcamp.selenium.tests.ShareYourCampTest">
    <failure type="java.lang.AssertionError" message="expected:&amp;lt;Signed in as George&amp;gt; but was:&amp;lt;Login&amp;gt;">
      <![CDATA[java.lang.AssertionError: expected:<Signed in as George> but was:<Login>
at com.build.qa.shareyourcamp.selenium.tests.ShareYourCampTest.setData(ShareYourCampTest.java:105)
... Removed 27 stack frames]]>
    </failure>
  </testcase> <!-- setData -->
  <testcase name="setData" time="18.685" classname="com.build.qa.shareyourcamp.selenium.tests.ShareYourCampTest">
    <failure type="java.lang.AssertionError" message="expected:&amp;lt;Signed in as George&amp;gt; but was:&amp;lt;Login&amp;gt;">
      <![CDATA[java.lang.AssertionError: expected:<Signed in as George> but was:<Login>
at com.build.qa.shareyourcamp.selenium.tests.ShareYourCampTest.setData(ShareYourCampTest.java:105)
... Removed 27 stack frames]]>
    </failure>
  </testcase> <!-- setData -->
  <testcase name="setData" time="14.492" classname="com.build.qa.shareyourcamp.selenium.tests.ShareYourCampTest">
    <failure type="java.lang.AssertionError" message="expected:&amp;lt;Signed in as George&amp;gt; but was:&amp;lt;Login&amp;gt;">
      <![CDATA[java.lang.AssertionError: expected:<Signed in as George> but was:<Login>
at com.build.qa.shareyourcamp.selenium.tests.ShareYourCampTest.setData(ShareYourCampTest.java:105)
... Removed 27 stack frames]]>
    </failure>
  </testcase> <!-- setData -->
  <testcase name="setData" time="19.858" classname="com.build.qa.shareyourcamp.selenium.tests.ShareYourCampTest"/>
  <testcase name="verifyTitle" time="12.042" classname="com.build.qa.shareyourcamp.selenium.tests.ShareYourCampTest"/>
</testsuite> <!-- Test -->
